{"C:\\Users\\shaun\\Desktop\\George\\reddit\\reddit-client\\frontend\\src\\app\\store.jsx": {"path":"C:\\Users\\shaun\\Desktop\\George\\reddit\\reddit-client\\frontend\\src\\app\\store.jsx","statementMap":{},"fnMap":{},"branchMap":{},"s":{},"f":{},"b":{},"meta":{"lastBranch":0,"lastFunction":0,"lastStatement":0,"seen":{}}}
,"C:\\Users\\shaun\\Desktop\\George\\reddit\\reddit-client\\frontend\\src\\features\\commentsSlice.jsx": {"path":"C:\\Users\\shaun\\Desktop\\George\\reddit\\reddit-client\\frontend\\src\\features\\commentsSlice.jsx","statementMap":{"0":{"start":{"line":2,"column":21},"end":{"line":5,"column":null}},"1":{"start":{"line":6,"column":6},"end":{"line":20,"column":null}},"2":{"start":{"line":11,"column":12},"end":{"line":11,"column":null}},"3":{"start":{"line":14,"column":12},"end":{"line":16,"column":null}},"4":{"start":{"line":15,"column":16},"end":{"line":15,"column":null}},"5":{"start":{"line":17,"column":12},"end":{"line":17,"column":null}},"6":{"start":{"line":22,"column":39},"end":{"line":22,"column":null}},"7":{"start":{"line":23,"column":25},"end":{"line":23,"column":null}},"8":{"start":{"line":23,"column":36},"end":{"line":23,"column":null}},"9":{"start":{"line":24,"column":34},"end":{"line":24,"column":null}},"10":{"start":{"line":24,"column":49},"end":{"line":24,"column":null}}},"fnMap":{"0":{"name":"(anonymous_0)","decl":{"start":{"line":10,"column":21},"end":{"line":10,"column":22}},"loc":{"start":{"line":10,"column":40},"end":{"line":12,"column":null}},"line":10},"1":{"name":"(anonymous_1)","decl":{"start":{"line":13,"column":15},"end":{"line":13,"column":16}},"loc":{"start":{"line":13,"column":33},"end":{"line":18,"column":null}},"line":13},"2":{"name":"(anonymous_2)","decl":{"start":{"line":23,"column":25},"end":{"line":23,"column":26}},"loc":{"start":{"line":23,"column":36},"end":{"line":23,"column":null}},"line":23},"3":{"name":"(anonymous_3)","decl":{"start":{"line":24,"column":34},"end":{"line":24,"column":35}},"loc":{"start":{"line":24,"column":49},"end":{"line":24,"column":null}},"line":24}},"branchMap":{"0":{"loc":{"start":{"line":14,"column":12},"end":{"line":16,"column":null}},"type":"if","locations":[{"start":{"line":14,"column":12},"end":{"line":16,"column":null}},{"start":{},"end":{}}],"line":14}},"s":{"0":1,"1":1,"2":0,"3":0,"4":0,"5":0,"6":1,"7":1,"8":0,"9":1,"10":0},"f":{"0":0,"1":0,"2":0,"3":0},"b":{"0":[0,0]},"meta":{"lastBranch":1,"lastFunction":4,"lastStatement":11,"seen":{"s:2:21:5:Infinity":0,"s:6:6:20:Infinity":1,"f:10:21:10:22":0,"s:11:12:11:Infinity":2,"f:13:15:13:16":1,"b:14:12:16:Infinity:undefined:undefined:undefined:undefined":0,"s:14:12:16:Infinity":3,"s:15:16:15:Infinity":4,"s:17:12:17:Infinity":5,"s:22:39:22:Infinity":6,"s:23:25:23:Infinity":7,"f:23:25:23:26":2,"s:23:36:23:Infinity":8,"s:24:34:24:Infinity":9,"f:24:34:24:35":3,"s:24:49:24:Infinity":10}}}
,"C:\\Users\\shaun\\Desktop\\George\\reddit\\reddit-client\\frontend\\src\\features\\postsSlice.jsx": {"path":"C:\\Users\\shaun\\Desktop\\George\\reddit\\reddit-client\\frontend\\src\\features\\postsSlice.jsx","statementMap":{"0":{"start":{"line":2,"column":21},"end":{"line":5,"column":null}},"1":{"start":{"line":6,"column":6},"end":{"line":19,"column":null}},"2":{"start":{"line":11,"column":12},"end":{"line":11,"column":null}},"3":{"start":{"line":15,"column":12},"end":{"line":15,"column":null}},"4":{"start":{"line":21,"column":44},"end":{"line":21,"column":null}},"5":{"start":{"line":22,"column":27},"end":{"line":22,"column":null}},"6":{"start":{"line":22,"column":38},"end":{"line":22,"column":null}},"7":{"start":{"line":23,"column":32},"end":{"line":23,"column":null}},"8":{"start":{"line":23,"column":43},"end":{"line":23,"column":null}}},"fnMap":{"0":{"name":"(anonymous_0)","decl":{"start":{"line":10,"column":18},"end":{"line":10,"column":19}},"loc":{"start":{"line":10,"column":36},"end":{"line":13,"column":null}},"line":10},"1":{"name":"(anonymous_1)","decl":{"start":{"line":14,"column":26},"end":{"line":14,"column":27}},"loc":{"start":{"line":14,"column":42},"end":{"line":17,"column":null}},"line":14},"2":{"name":"(anonymous_2)","decl":{"start":{"line":22,"column":27},"end":{"line":22,"column":28}},"loc":{"start":{"line":22,"column":38},"end":{"line":22,"column":null}},"line":22},"3":{"name":"(anonymous_3)","decl":{"start":{"line":23,"column":32},"end":{"line":23,"column":33}},"loc":{"start":{"line":23,"column":43},"end":{"line":23,"column":null}},"line":23}},"branchMap":{},"s":{"0":1,"1":1,"2":0,"3":0,"4":1,"5":1,"6":0,"7":1,"8":0},"f":{"0":0,"1":0,"2":0,"3":0},"b":{},"meta":{"lastBranch":0,"lastFunction":4,"lastStatement":9,"seen":{"s:2:21:5:Infinity":0,"s:6:6:19:Infinity":1,"f:10:18:10:19":0,"s:11:12:11:Infinity":2,"f:14:26:14:27":1,"s:15:12:15:Infinity":3,"s:21:44:21:Infinity":4,"s:22:27:22:Infinity":5,"f:22:27:22:28":2,"s:22:38:22:Infinity":6,"s:23:32:23:Infinity":7,"f:23:32:23:33":3,"s:23:43:23:Infinity":8}}}
,"C:\\Users\\shaun\\Desktop\\George\\reddit\\reddit-client\\frontend\\src\\features\\subredditsSlice.jsx": {"path":"C:\\Users\\shaun\\Desktop\\George\\reddit\\reddit-client\\frontend\\src\\features\\subredditsSlice.jsx","statementMap":{"0":{"start":{"line":2,"column":21},"end":{"line":6,"column":null}},"1":{"start":{"line":7,"column":6},"end":{"line":25,"column":null}},"2":{"start":{"line":12,"column":12},"end":{"line":12,"column":null}},"3":{"start":{"line":15,"column":12},"end":{"line":15,"column":null}},"4":{"start":{"line":16,"column":12},"end":{"line":16,"column":null}},"5":{"start":{"line":19,"column":12},"end":{"line":21,"column":null}},"6":{"start":{"line":20,"column":16},"end":{"line":20,"column":null}},"7":{"start":{"line":22,"column":12},"end":{"line":22,"column":null}},"8":{"start":{"line":27,"column":61},"end":{"line":27,"column":null}},"9":{"start":{"line":28,"column":31},"end":{"line":28,"column":null}},"10":{"start":{"line":28,"column":42},"end":{"line":28,"column":null}},"11":{"start":{"line":29,"column":32},"end":{"line":29,"column":null}},"12":{"start":{"line":29,"column":43},"end":{"line":29,"column":null}},"13":{"start":{"line":30,"column":26},"end":{"line":30,"column":null}},"14":{"start":{"line":30,"column":48},"end":{"line":30,"column":null}}},"fnMap":{"0":{"name":"(anonymous_0)","decl":{"start":{"line":11,"column":22},"end":{"line":11,"column":23}},"loc":{"start":{"line":11,"column":40},"end":{"line":13,"column":null}},"line":11},"1":{"name":"(anonymous_1)","decl":{"start":{"line":14,"column":22},"end":{"line":14,"column":23}},"loc":{"start":{"line":14,"column":39},"end":{"line":17,"column":null}},"line":14},"2":{"name":"(anonymous_2)","decl":{"start":{"line":18,"column":25},"end":{"line":18,"column":26}},"loc":{"start":{"line":18,"column":43},"end":{"line":23,"column":null}},"line":18},"3":{"name":"(anonymous_3)","decl":{"start":{"line":19,"column":55},"end":{"line":19,"column":56}},"loc":{"start":{"line":19,"column":66},"end":{"line":21,"column":13}},"line":19},"4":{"name":"(anonymous_4)","decl":{"start":{"line":28,"column":31},"end":{"line":28,"column":32}},"loc":{"start":{"line":28,"column":42},"end":{"line":28,"column":null}},"line":28},"5":{"name":"(anonymous_5)","decl":{"start":{"line":29,"column":32},"end":{"line":29,"column":33}},"loc":{"start":{"line":29,"column":43},"end":{"line":29,"column":null}},"line":29},"6":{"name":"(anonymous_6)","decl":{"start":{"line":30,"column":26},"end":{"line":30,"column":27}},"loc":{"start":{"line":30,"column":48},"end":{"line":30,"column":null}},"line":30}},"branchMap":{},"s":{"0":1,"1":1,"2":0,"3":0,"4":0,"5":0,"6":0,"7":0,"8":1,"9":1,"10":0,"11":1,"12":0,"13":1,"14":0},"f":{"0":0,"1":0,"2":0,"3":0,"4":0,"5":0,"6":0},"b":{},"meta":{"lastBranch":0,"lastFunction":7,"lastStatement":15,"seen":{"s:2:21:6:Infinity":0,"s:7:6:25:Infinity":1,"f:11:22:11:23":0,"s:12:12:12:Infinity":2,"f:14:22:14:23":1,"s:15:12:15:Infinity":3,"s:16:12:16:Infinity":4,"f:18:25:18:26":2,"s:19:12:21:Infinity":5,"f:19:55:19:56":3,"s:20:16:20:Infinity":6,"s:22:12:22:Infinity":7,"s:27:61:27:Infinity":8,"s:28:31:28:Infinity":9,"f:28:31:28:32":4,"s:28:42:28:Infinity":10,"s:29:32:29:Infinity":11,"f:29:32:29:33":5,"s:29:43:29:Infinity":12,"s:30:26:30:Infinity":13,"f:30:26:30:27":6,"s:30:48:30:Infinity":14}}}
}
